2019-12-04 15:10:50,840 INFO  [org.jboss.modules] (main) JBoss Modules version 1.9.1.Final
2019-12-04 15:10:51,094 INFO  [org.jboss.msc] (main) JBoss MSC version 1.4.11.Final
2019-12-04 15:10:51,105 INFO  [org.jboss.threads] (main) JBoss Threads version 2.3.3.Final
2019-12-04 15:10:51,170 INFO  [org.jboss.as] (MSC service thread 1-2) WFLYSRV0049: WildFly Full 18.0.1.Final (WildFly Core 10.0.3.Final) starting
2019-12-04 15:10:51,171 DEBUG [org.jboss.as.config] (MSC service thread 1-2) Configured system properties:
	[Standalone] = 
	awt.toolkit = sun.awt.X11.XToolkit
	file.encoding = UTF-8
	file.encoding.pkg = sun.io
	file.separator = /
	java.awt.graphicsenv = sun.awt.X11GraphicsEnvironment
	java.awt.headless = true
	java.awt.printerjob = sun.print.PSPrinterJob
	java.class.path = /opt/wildfly-18.0.1.Final/jboss-modules.jar
	java.class.version = 52.0
	java.endorsed.dirs = /usr/lib/jvm/java-8-openjdk-amd64/jre/lib/endorsed
	java.ext.dirs = /usr/lib/jvm/java-8-openjdk-amd64/jre/lib/ext:/usr/java/packages/lib/ext
	java.home = /usr/lib/jvm/java-8-openjdk-amd64/jre
	java.io.tmpdir = /tmp
	java.library.path = /usr/java/packages/lib/amd64:/usr/lib/x86_64-linux-gnu/jni:/lib/x86_64-linux-gnu:/usr/lib/x86_64-linux-gnu:/usr/lib/jni:/lib:/usr/lib
	java.net.preferIPv4Stack = true
	java.runtime.name = OpenJDK Runtime Environment
	java.runtime.version = 1.8.0_222-8u222-b10-1ubuntu1~18.04.1-b10
	java.specification.name = Java Platform API Specification
	java.specification.vendor = Oracle Corporation
	java.specification.version = 1.8
	java.util.logging.manager = org.jboss.logmanager.LogManager
	java.vendor = Private Build
	java.vendor.url = http://java.oracle.com/
	java.vendor.url.bug = http://bugreport.sun.com/bugreport/
	java.version = 1.8.0_222
	java.vm.info = mixed mode
	java.vm.name = OpenJDK 64-Bit Server VM
	java.vm.specification.name = Java Virtual Machine Specification
	java.vm.specification.vendor = Oracle Corporation
	java.vm.specification.version = 1.8
	java.vm.vendor = Private Build
	java.vm.version = 25.222-b10
	javax.management.builder.initial = org.jboss.as.jmx.PluggableMBeanServerBuilder
	jboss.home.dir = /opt/wildfly-18.0.1.Final
	jboss.host.name = xps
	jboss.modules.dir = /opt/wildfly-18.0.1.Final/modules
	jboss.modules.system.pkgs = org.jboss.byteman
	jboss.node.name = xps
	jboss.qualified.host.name = xps
	jboss.server.base.dir = /opt/wildfly-18.0.1.Final/standalone
	jboss.server.config.dir = /opt/wildfly-18.0.1.Final/standalone/configuration
	jboss.server.data.dir = /opt/wildfly-18.0.1.Final/standalone/data
	jboss.server.deploy.dir = /opt/wildfly-18.0.1.Final/standalone/data/content
	jboss.server.log.dir = /opt/wildfly-18.0.1.Final/standalone/log
	jboss.server.name = xps
	jboss.server.persist.config = true
	jboss.server.temp.dir = /opt/wildfly-18.0.1.Final/standalone/tmp
	line.separator = 

	logging.configuration = file:/opt/wildfly-18.0.1.Final/standalone/configuration/logging.properties
	module.path = /opt/wildfly-18.0.1.Final/modules
	org.jboss.boot.log.file = /opt/wildfly-18.0.1.Final/standalone/log/server.log
	org.jboss.resolver.warning = true
	os.arch = amd64
	os.name = Linux
	os.version = 4.15.0-72-generic
	path.separator = :
	sun.arch.data.model = 64
	sun.boot.class.path = /usr/lib/jvm/java-8-openjdk-amd64/jre/lib/resources.jar:/usr/lib/jvm/java-8-openjdk-amd64/jre/lib/rt.jar:/usr/lib/jvm/java-8-openjdk-amd64/jre/lib/sunrsasign.jar:/usr/lib/jvm/java-8-openjdk-amd64/jre/lib/jsse.jar:/usr/lib/jvm/java-8-openjdk-amd64/jre/lib/jce.jar:/usr/lib/jvm/java-8-openjdk-amd64/jre/lib/charsets.jar:/usr/lib/jvm/java-8-openjdk-amd64/jre/lib/jfr.jar:/usr/lib/jvm/java-8-openjdk-amd64/jre/classes
	sun.boot.library.path = /usr/lib/jvm/java-8-openjdk-amd64/jre/lib/amd64
	sun.cpu.endian = little
	sun.cpu.isalist = 
	sun.io.unicode.encoding = UnicodeLittle
	sun.java.command = /opt/wildfly-18.0.1.Final/jboss-modules.jar -mp /opt/wildfly-18.0.1.Final/modules org.jboss.as.standalone -Djboss.home.dir=/opt/wildfly-18.0.1.Final -Djboss.server.base.dir=/opt/wildfly-18.0.1.Final/standalone
	sun.java.launcher = SUN_STANDARD
	sun.jnu.encoding = UTF-8
	sun.management.compiler = HotSpot 64-Bit Tiered Compilers
	sun.os.patch.level = unknown
	user.country = US
	user.dir = /opt/wildfly-18.0.1.Final/bin
	user.home = /root
	user.language = en
	user.name = root
	user.timezone = America/New_York
2019-12-04 15:10:51,171 DEBUG [org.jboss.as.config] (MSC service thread 1-2) VM Arguments: -D[Standalone] -Xms64m -Xmx512m -XX:MetaspaceSize=96M -XX:MaxMetaspaceSize=256m -Djava.net.preferIPv4Stack=true -Djboss.modules.system.pkgs=org.jboss.byteman -Djava.awt.headless=true -Dorg.jboss.boot.log.file=/opt/wildfly-18.0.1.Final/standalone/log/server.log -Dlogging.configuration=file:/opt/wildfly-18.0.1.Final/standalone/configuration/logging.properties 
2019-12-04 15:10:51,617 INFO  [org.wildfly.security] (ServerService Thread Pool -- 23) ELY00001: WildFly Elytron version 1.10.4.Final
2019-12-04 15:10:51,888 INFO  [org.jboss.as.controller.management-deprecated] (Controller Boot Thread) WFLYCTL0028: Attribute 'security-realm' in the resource at address '/core-service=management/management-interface=http-interface' is deprecated, and may be removed in a future version. See the attribute description in the output of the read-resource-description operation to learn more about the deprecation.
2019-12-04 15:10:51,914 INFO  [org.jboss.as.controller.management-deprecated] (ServerService Thread Pool -- 36) WFLYCTL0028: Attribute 'security-realm' in the resource at address '/subsystem=undertow/server=default-server/https-listener=https' is deprecated, and may be removed in a future version. See the attribute description in the output of the read-resource-description operation to learn more about the deprecation.
2019-12-04 15:10:51,940 INFO  [org.jboss.as.server] (Controller Boot Thread) WFLYSRV0039: Creating http management service using socket-binding (management-http)
2019-12-04 15:10:51,950 INFO  [org.xnio] (MSC service thread 1-5) XNIO version 3.7.3.Final
2019-12-04 15:10:51,954 INFO  [org.xnio.nio] (MSC service thread 1-5) XNIO NIO Implementation Version 3.7.3.Final
2019-12-04 15:10:51,983 INFO  [org.jboss.as.connector.subsystems.datasources] (ServerService Thread Pool -- 43) WFLYJCA0004: Deploying JDBC-compliant driver class org.h2.Driver (version 1.4)
2019-12-04 15:10:52,005 INFO  [org.jboss.remoting] (MSC service thread 1-7) JBoss Remoting version 5.0.15.Final
2019-12-04 15:10:52,012 INFO  [org.jboss.as.clustering.infinispan] (ServerService Thread Pool -- 51) WFLYCLINF0001: Activating Infinispan subsystem.
2019-12-04 15:10:52,022 INFO  [org.wildfly.extension.io] (ServerService Thread Pool -- 52) WFLYIO001: Worker 'default' has auto-configured to 16 core threads with 128 task threads based on your 8 available processors
2019-12-04 15:10:52,038 INFO  [org.jboss.as.jaxrs] (ServerService Thread Pool -- 53) WFLYRS0016: RESTEasy version 3.9.1.Final
2019-12-04 15:10:52,044 INFO  [org.jboss.as.connector.deployers.jdbc] (MSC service thread 1-1) WFLYJCA0018: Started Driver service with driver-name = h2
2019-12-04 15:10:52,046 INFO  [org.jboss.as.connector] (MSC service thread 1-7) WFLYJCA0009: Starting JCA Subsystem (WildFly/IronJacamar 1.4.17.Final)
2019-12-04 15:10:52,064 INFO  [org.wildfly.extension.microprofile.config.smallrye._private] (ServerService Thread Pool -- 60) WFLYCONF0001: Activating WildFly MicroProfile Config Subsystem
2019-12-04 15:10:52,065 INFO  [org.wildfly.extension.microprofile.metrics.smallrye] (ServerService Thread Pool -- 62) WFLYMETRICS0001: Activating Eclipse MicroProfile Metrics Subsystem
2019-12-04 15:10:52,073 INFO  [org.jboss.as.naming] (ServerService Thread Pool -- 64) WFLYNAM0001: Activating Naming Subsystem
2019-12-04 15:10:52,075 INFO  [org.wildfly.extension.microprofile.health.smallrye] (ServerService Thread Pool -- 61) WFLYHEALTH0001: Activating Eclipse MicroProfile Health Subsystem
2019-12-04 15:10:52,076 INFO  [org.jboss.as.jsf] (ServerService Thread Pool -- 58) WFLYJSF0007: Activated the following JSF Implementations: [main]
2019-12-04 15:10:52,077 INFO  [org.wildfly.extension.microprofile.opentracing] (ServerService Thread Pool -- 63) WFLYTRACEXT0001: Activating MicroProfile OpenTracing Subsystem
2019-12-04 15:10:52,088 WARN  [org.jboss.as.txn] (ServerService Thread Pool -- 72) WFLYTX0013: The node-identifier attribute on the /subsystem=transactions is set to the default value. This is a danger for environments running multiple servers. Please make sure the attribute value is unique.
2019-12-04 15:10:52,098 INFO  [org.jboss.as.ejb3] (MSC service thread 1-5) WFLYEJB0481: Strict pool slsb-strict-max-pool is using a max instance size of 128 (per class), which is derived from thread worker pool sizing.
2019-12-04 15:10:52,099 INFO  [org.jboss.as.ejb3] (MSC service thread 1-3) WFLYEJB0482: Strict pool mdb-strict-max-pool is using a max instance size of 32 (per class), which is derived from the number of CPUs on this host.
2019-12-04 15:10:52,102 INFO  [org.jboss.as.security] (ServerService Thread Pool -- 70) WFLYSEC0002: Activating Security Subsystem
2019-12-04 15:10:52,103 INFO  [org.jboss.as.naming] (MSC service thread 1-5) WFLYNAM0003: Starting Naming Service
2019-12-04 15:10:52,104 INFO  [org.jboss.as.mail.extension] (MSC service thread 1-8) WFLYMAIL0001: Bound mail session [java:jboss/mail/Default]
2019-12-04 15:10:52,105 INFO  [org.jboss.as.security] (MSC service thread 1-5) WFLYSEC0001: Current PicketBox version=5.0.3.Final
2019-12-04 15:10:52,111 INFO  [org.jboss.as.webservices] (ServerService Thread Pool -- 74) WFLYWS0002: Activating WebServices Extension
2019-12-04 15:10:52,121 INFO  [org.wildfly.extension.undertow] (MSC service thread 1-4) WFLYUT0003: Undertow 2.0.27.Final starting
2019-12-04 15:10:52,240 INFO  [org.wildfly.extension.undertow] (ServerService Thread Pool -- 73) WFLYUT0014: Creating file handler for path '/opt/wildfly-18.0.1.Final/welcome-content' with options [directory-listing: 'false', follow-symlink: 'false', case-sensitive: 'true', safe-symlink-paths: '[]']
2019-12-04 15:10:52,247 INFO  [org.wildfly.extension.undertow] (MSC service thread 1-8) WFLYUT0012: Started server default-server.
2019-12-04 15:10:52,257 INFO  [org.wildfly.extension.undertow] (MSC service thread 1-6) WFLYUT0018: Host default-host starting
2019-12-04 15:10:52,311 INFO  [org.wildfly.extension.undertow] (MSC service thread 1-3) WFLYUT0006: Undertow HTTP listener default listening on 127.0.0.1:8080
2019-12-04 15:10:52,343 INFO  [org.jboss.as.ejb3] (MSC service thread 1-1) WFLYEJB0493: EJB subsystem suspension complete
2019-12-04 15:10:52,378 INFO  [org.jboss.as.connector.subsystems.datasources] (MSC service thread 1-5) WFLYJCA0001: Bound data source [java:jboss/datasources/ExampleDS]
2019-12-04 15:10:52,419 INFO  [org.jboss.as.patching] (MSC service thread 1-5) WFLYPAT0050: WildFly Full cumulative patch ID is: base, one-off patches include: none
2019-12-04 15:10:52,429 WARN  [org.jboss.as.domain.management.security] (MSC service thread 1-1) WFLYDM0111: Keystore /opt/wildfly-18.0.1.Final/standalone/configuration/application.keystore not found, it will be auto generated on first use with a self signed certificate for host localhost
2019-12-04 15:10:52,435 INFO  [org.jboss.as.server.deployment.scanner] (MSC service thread 1-7) WFLYDS0013: Started FileSystemDeploymentService for directory /opt/wildfly-18.0.1.Final/standalone/deployments
2019-12-04 15:10:52,463 INFO  [org.wildfly.extension.undertow] (MSC service thread 1-2) WFLYUT0006: Undertow HTTPS listener https listening on 127.0.0.1:8443
2019-12-04 15:10:52,500 INFO  [org.jboss.ws.common.management] (MSC service thread 1-8) JBWS022052: Starting JBossWS 5.3.0.Final (Apache CXF 3.3.3) 
2019-12-04 15:10:52,563 INFO  [org.jboss.as.server] (Controller Boot Thread) WFLYSRV0212: Resuming server
2019-12-04 15:10:52,565 INFO  [org.jboss.as] (Controller Boot Thread) WFLYSRV0060: Http management interface listening on http://127.0.0.1:9990/management
2019-12-04 15:10:52,565 INFO  [org.jboss.as] (Controller Boot Thread) WFLYSRV0051: Admin console listening on http://127.0.0.1:9990
2019-12-04 15:10:52,565 INFO  [org.jboss.as] (Controller Boot Thread) WFLYSRV0025: WildFly Full 18.0.1.Final (WildFly Core 10.0.3.Final) started in 1970ms - Started 315 of 577 services (369 services are lazy, passive or on-demand)
2019-12-04 15:11:23,895 INFO  [org.jboss.as.server] (Thread-2) WFLYSRV0272: Suspending server
2019-12-04 15:11:23,898 INFO  [org.jboss.as.ejb3] (Thread-2) WFLYEJB0493: EJB subsystem suspension complete
2019-12-04 15:11:23,900 INFO  [org.jboss.as.server] (Thread-2) WFLYSRV0220: Server shutdown has been requested via an OS signal
2019-12-04 15:11:23,933 INFO  [org.jboss.as.connector.subsystems.datasources] (MSC service thread 1-4) WFLYJCA0010: Unbound data source [java:jboss/datasources/ExampleDS]
2019-12-04 15:11:23,938 INFO  [org.jboss.as.mail.extension] (MSC service thread 1-8) WFLYMAIL0002: Unbound mail session [java:jboss/mail/Default]
2019-12-04 15:11:23,938 INFO  [org.wildfly.extension.undertow] (MSC service thread 1-6) WFLYUT0019: Host default-host stopping
2019-12-04 15:11:23,939 INFO  [org.wildfly.extension.undertow] (MSC service thread 1-6) WFLYUT0008: Undertow HTTPS listener https suspending
2019-12-04 15:11:23,940 INFO  [org.wildfly.extension.undertow] (MSC service thread 1-3) WFLYUT0008: Undertow HTTP listener default suspending
2019-12-04 15:11:23,940 INFO  [org.wildfly.extension.undertow] (MSC service thread 1-6) WFLYUT0007: Undertow HTTPS listener https stopped, was bound to 127.0.0.1:8443
2019-12-04 15:11:23,940 INFO  [org.wildfly.extension.undertow] (MSC service thread 1-3) WFLYUT0007: Undertow HTTP listener default stopped, was bound to 127.0.0.1:8080
2019-12-04 15:11:23,943 INFO  [org.jboss.as.connector.deployers.jdbc] (MSC service thread 1-3) WFLYJCA0019: Stopped Driver service with driver-name = h2
2019-12-04 15:11:23,944 INFO  [org.wildfly.extension.undertow] (MSC service thread 1-4) WFLYUT0004: Undertow 2.0.27.Final stopping
2019-12-04 15:11:23,954 INFO  [org.jboss.as] (MSC service thread 1-5) WFLYSRV0050: WildFly Full 18.0.1.Final (WildFly Core 10.0.3.Final) stopped in 39ms
2019-12-04 15:12:04,539 INFO  [org.jboss.modules] (main) JBoss Modules version 1.9.1.Final
2019-12-04 15:12:04,812 INFO  [org.jboss.msc] (main) JBoss MSC version 1.4.11.Final
2019-12-04 15:12:04,822 INFO  [org.jboss.threads] (main) JBoss Threads version 2.3.3.Final
2019-12-04 15:12:04,886 INFO  [org.jboss.as] (MSC service thread 1-2) WFLYSRV0049: WildFly Full 18.0.1.Final (WildFly Core 10.0.3.Final) starting
2019-12-04 15:12:04,887 DEBUG [org.jboss.as.config] (MSC service thread 1-2) Configured system properties:
	[Standalone] = 
	awt.toolkit = sun.awt.X11.XToolkit
	file.encoding = UTF-8
	file.encoding.pkg = sun.io
	file.separator = /
	java.awt.graphicsenv = sun.awt.X11GraphicsEnvironment
	java.awt.headless = true
	java.awt.printerjob = sun.print.PSPrinterJob
	java.class.path = /opt/wildfly-18.0.1.Final/jboss-modules.jar
	java.class.version = 52.0
	java.endorsed.dirs = /usr/lib/jvm/java-8-openjdk-amd64/jre/lib/endorsed
	java.ext.dirs = /usr/lib/jvm/java-8-openjdk-amd64/jre/lib/ext:/usr/java/packages/lib/ext
	java.home = /usr/lib/jvm/java-8-openjdk-amd64/jre
	java.io.tmpdir = /tmp
	java.library.path = /usr/java/packages/lib/amd64:/usr/lib/x86_64-linux-gnu/jni:/lib/x86_64-linux-gnu:/usr/lib/x86_64-linux-gnu:/usr/lib/jni:/lib:/usr/lib
	java.net.preferIPv4Stack = true
	java.runtime.name = OpenJDK Runtime Environment
	java.runtime.version = 1.8.0_222-8u222-b10-1ubuntu1~18.04.1-b10
	java.specification.name = Java Platform API Specification
	java.specification.vendor = Oracle Corporation
	java.specification.version = 1.8
	java.util.logging.manager = org.jboss.logmanager.LogManager
	java.vendor = Private Build
	java.vendor.url = http://java.oracle.com/
	java.vendor.url.bug = http://bugreport.sun.com/bugreport/
	java.version = 1.8.0_222
	java.vm.info = mixed mode
	java.vm.name = OpenJDK 64-Bit Server VM
	java.vm.specification.name = Java Virtual Machine Specification
	java.vm.specification.vendor = Oracle Corporation
	java.vm.specification.version = 1.8
	java.vm.vendor = Private Build
	java.vm.version = 25.222-b10
	javax.management.builder.initial = org.jboss.as.jmx.PluggableMBeanServerBuilder
	jboss.home.dir = /opt/wildfly-18.0.1.Final
	jboss.host.name = xps
	jboss.modules.dir = /opt/wildfly-18.0.1.Final/modules
	jboss.modules.system.pkgs = org.jboss.byteman
	jboss.node.name = xps
	jboss.qualified.host.name = xps
	jboss.server.base.dir = /opt/wildfly-18.0.1.Final/standalone
	jboss.server.config.dir = /opt/wildfly-18.0.1.Final/standalone/configuration
	jboss.server.data.dir = /opt/wildfly-18.0.1.Final/standalone/data
	jboss.server.deploy.dir = /opt/wildfly-18.0.1.Final/standalone/data/content
	jboss.server.log.dir = /opt/wildfly-18.0.1.Final/standalone/log
	jboss.server.name = xps
	jboss.server.persist.config = true
	jboss.server.temp.dir = /opt/wildfly-18.0.1.Final/standalone/tmp
	line.separator = 

	logging.configuration = file:/opt/wildfly-18.0.1.Final/standalone/configuration/logging.properties
	module.path = /opt/wildfly-18.0.1.Final/modules
	org.jboss.boot.log.file = /opt/wildfly-18.0.1.Final/standalone/log/server.log
	org.jboss.resolver.warning = true
	os.arch = amd64
	os.name = Linux
	os.version = 4.15.0-72-generic
	path.separator = :
	sun.arch.data.model = 64
	sun.boot.class.path = /usr/lib/jvm/java-8-openjdk-amd64/jre/lib/resources.jar:/usr/lib/jvm/java-8-openjdk-amd64/jre/lib/rt.jar:/usr/lib/jvm/java-8-openjdk-amd64/jre/lib/sunrsasign.jar:/usr/lib/jvm/java-8-openjdk-amd64/jre/lib/jsse.jar:/usr/lib/jvm/java-8-openjdk-amd64/jre/lib/jce.jar:/usr/lib/jvm/java-8-openjdk-amd64/jre/lib/charsets.jar:/usr/lib/jvm/java-8-openjdk-amd64/jre/lib/jfr.jar:/usr/lib/jvm/java-8-openjdk-amd64/jre/classes
	sun.boot.library.path = /usr/lib/jvm/java-8-openjdk-amd64/jre/lib/amd64
	sun.cpu.endian = little
	sun.cpu.isalist = 
	sun.io.unicode.encoding = UnicodeLittle
	sun.java.command = /opt/wildfly-18.0.1.Final/jboss-modules.jar -mp /opt/wildfly-18.0.1.Final/modules org.jboss.as.standalone -Djboss.home.dir=/opt/wildfly-18.0.1.Final -Djboss.server.base.dir=/opt/wildfly-18.0.1.Final/standalone
	sun.java.launcher = SUN_STANDARD
	sun.jnu.encoding = UTF-8
	sun.management.compiler = HotSpot 64-Bit Tiered Compilers
	sun.os.patch.level = unknown
	user.country = US
	user.dir = /opt/wildfly-18.0.1.Final/bin
	user.home = /root
	user.language = en
	user.name = root
	user.timezone = America/New_York
2019-12-04 15:12:04,888 DEBUG [org.jboss.as.config] (MSC service thread 1-2) VM Arguments: -D[Standalone] -Xms64m -Xmx512m -XX:MetaspaceSize=96M -XX:MaxMetaspaceSize=256m -Djava.net.preferIPv4Stack=true -Djboss.modules.system.pkgs=org.jboss.byteman -Djava.awt.headless=true -Dorg.jboss.boot.log.file=/opt/wildfly-18.0.1.Final/standalone/log/server.log -Dlogging.configuration=file:/opt/wildfly-18.0.1.Final/standalone/configuration/logging.properties 
2019-12-04 15:12:05,370 INFO  [org.wildfly.security] (ServerService Thread Pool -- 19) ELY00001: WildFly Elytron version 1.10.4.Final
2019-12-04 15:12:05,682 INFO  [org.jboss.as.controller.management-deprecated] (Controller Boot Thread) WFLYCTL0028: Attribute 'security-realm' in the resource at address '/core-service=management/management-interface=http-interface' is deprecated, and may be removed in a future version. See the attribute description in the output of the read-resource-description operation to learn more about the deprecation.
2019-12-04 15:12:05,708 INFO  [org.jboss.as.controller.management-deprecated] (ServerService Thread Pool -- 36) WFLYCTL0028: Attribute 'security-realm' in the resource at address '/subsystem=undertow/server=default-server/https-listener=https' is deprecated, and may be removed in a future version. See the attribute description in the output of the read-resource-description operation to learn more about the deprecation.
2019-12-04 15:12:05,746 INFO  [org.jboss.as.server] (Controller Boot Thread) WFLYSRV0039: Creating http management service using socket-binding (management-http)
2019-12-04 15:12:05,758 INFO  [org.xnio] (MSC service thread 1-4) XNIO version 3.7.3.Final
2019-12-04 15:12:05,762 INFO  [org.xnio.nio] (MSC service thread 1-4) XNIO NIO Implementation Version 3.7.3.Final
2019-12-04 15:12:05,784 INFO  [org.jboss.remoting] (MSC service thread 1-6) JBoss Remoting version 5.0.15.Final
2019-12-04 15:12:05,802 INFO  [org.jboss.as.connector.subsystems.datasources] (ServerService Thread Pool -- 43) WFLYJCA0004: Deploying JDBC-compliant driver class org.h2.Driver (version 1.4)
2019-12-04 15:12:05,821 INFO  [org.jboss.as.clustering.infinispan] (ServerService Thread Pool -- 51) WFLYCLINF0001: Activating Infinispan subsystem.
2019-12-04 15:12:05,833 INFO  [org.wildfly.extension.io] (ServerService Thread Pool -- 52) WFLYIO001: Worker 'default' has auto-configured to 16 core threads with 128 task threads based on your 8 available processors
2019-12-04 15:12:05,843 INFO  [org.jboss.as.jsf] (ServerService Thread Pool -- 58) WFLYJSF0007: Activated the following JSF Implementations: [main]
2019-12-04 15:12:05,843 INFO  [org.jboss.as.jaxrs] (ServerService Thread Pool -- 53) WFLYRS0016: RESTEasy version 3.9.1.Final
2019-12-04 15:12:05,858 INFO  [org.jboss.as.connector] (MSC service thread 1-3) WFLYJCA0009: Starting JCA Subsystem (WildFly/IronJacamar 1.4.17.Final)
2019-12-04 15:12:05,861 INFO  [org.jboss.as.connector.deployers.jdbc] (MSC service thread 1-2) WFLYJCA0018: Started Driver service with driver-name = h2
2019-12-04 15:12:05,867 INFO  [org.wildfly.extension.microprofile.config.smallrye._private] (ServerService Thread Pool -- 60) WFLYCONF0001: Activating WildFly MicroProfile Config Subsystem
2019-12-04 15:12:05,878 INFO  [org.wildfly.extension.microprofile.health.smallrye] (ServerService Thread Pool -- 61) WFLYHEALTH0001: Activating Eclipse MicroProfile Health Subsystem
2019-12-04 15:12:05,884 INFO  [org.wildfly.extension.microprofile.opentracing] (ServerService Thread Pool -- 63) WFLYTRACEXT0001: Activating MicroProfile OpenTracing Subsystem
2019-12-04 15:12:05,886 INFO  [org.jboss.as.naming] (ServerService Thread Pool -- 64) WFLYNAM0001: Activating Naming Subsystem
2019-12-04 15:12:05,890 INFO  [org.jboss.as.ejb3] (MSC service thread 1-4) WFLYEJB0482: Strict pool mdb-strict-max-pool is using a max instance size of 32 (per class), which is derived from the number of CPUs on this host.
2019-12-04 15:12:05,890 INFO  [org.jboss.as.ejb3] (MSC service thread 1-7) WFLYEJB0481: Strict pool slsb-strict-max-pool is using a max instance size of 128 (per class), which is derived from thread worker pool sizing.
2019-12-04 15:12:05,893 INFO  [org.wildfly.extension.microprofile.metrics.smallrye] (ServerService Thread Pool -- 62) WFLYMETRICS0001: Activating Eclipse MicroProfile Metrics Subsystem
2019-12-04 15:12:05,898 INFO  [org.jboss.as.mail.extension] (MSC service thread 1-2) WFLYMAIL0001: Bound mail session [java:jboss/mail/Default]
2019-12-04 15:12:05,898 INFO  [org.jboss.as.naming] (MSC service thread 1-1) WFLYNAM0003: Starting Naming Service
2019-12-04 15:12:05,905 WARN  [org.jboss.as.txn] (ServerService Thread Pool -- 72) WFLYTX0013: The node-identifier attribute on the /subsystem=transactions is set to the default value. This is a danger for environments running multiple servers. Please make sure the attribute value is unique.
2019-12-04 15:12:05,906 INFO  [org.jboss.as.security] (ServerService Thread Pool -- 70) WFLYSEC0002: Activating Security Subsystem
2019-12-04 15:12:05,914 INFO  [org.jboss.as.security] (MSC service thread 1-7) WFLYSEC0001: Current PicketBox version=5.0.3.Final
2019-12-04 15:12:05,929 INFO  [org.jboss.as.webservices] (ServerService Thread Pool -- 74) WFLYWS0002: Activating WebServices Extension
2019-12-04 15:12:06,034 INFO  [org.wildfly.extension.undertow] (MSC service thread 1-4) WFLYUT0003: Undertow 2.0.27.Final starting
2019-12-04 15:12:06,105 INFO  [org.wildfly.extension.undertow] (ServerService Thread Pool -- 73) WFLYUT0014: Creating file handler for path '/opt/wildfly-18.0.1.Final/welcome-content' with options [directory-listing: 'false', follow-symlink: 'false', case-sensitive: 'true', safe-symlink-paths: '[]']
2019-12-04 15:12:06,109 INFO  [org.wildfly.extension.undertow] (MSC service thread 1-4) WFLYUT0012: Started server default-server.
2019-12-04 15:12:06,110 INFO  [org.wildfly.extension.undertow] (MSC service thread 1-6) WFLYUT0018: Host default-host starting
2019-12-04 15:12:06,174 INFO  [org.wildfly.extension.undertow] (MSC service thread 1-4) WFLYUT0006: Undertow HTTP listener default listening on 127.0.0.1:8080
2019-12-04 15:12:06,204 INFO  [org.jboss.as.ejb3] (MSC service thread 1-3) WFLYEJB0493: EJB subsystem suspension complete
2019-12-04 15:12:06,240 INFO  [org.jboss.as.connector.subsystems.datasources] (MSC service thread 1-3) WFLYJCA0001: Bound data source [java:jboss/datasources/ExampleDS]
2019-12-04 15:12:06,269 INFO  [org.jboss.as.patching] (MSC service thread 1-8) WFLYPAT0050: WildFly Full cumulative patch ID is: base, one-off patches include: none
2019-12-04 15:12:06,279 WARN  [org.jboss.as.domain.management.security] (MSC service thread 1-7) WFLYDM0111: Keystore /opt/wildfly-18.0.1.Final/standalone/configuration/application.keystore not found, it will be auto generated on first use with a self signed certificate for host localhost
2019-12-04 15:12:06,284 INFO  [org.jboss.as.server.deployment.scanner] (MSC service thread 1-7) WFLYDS0013: Started FileSystemDeploymentService for directory /opt/wildfly-18.0.1.Final/standalone/deployments
2019-12-04 15:12:06,312 INFO  [org.wildfly.extension.undertow] (MSC service thread 1-5) WFLYUT0006: Undertow HTTPS listener https listening on 127.0.0.1:8443
2019-12-04 15:12:06,344 INFO  [org.jboss.ws.common.management] (MSC service thread 1-8) JBWS022052: Starting JBossWS 5.3.0.Final (Apache CXF 3.3.3) 
2019-12-04 15:12:06,400 INFO  [org.jboss.as.server] (Controller Boot Thread) WFLYSRV0212: Resuming server
2019-12-04 15:12:06,401 INFO  [org.jboss.as] (Controller Boot Thread) WFLYSRV0060: Http management interface listening on http://127.0.0.1:9990/management
2019-12-04 15:12:06,401 INFO  [org.jboss.as] (Controller Boot Thread) WFLYSRV0051: Admin console listening on http://127.0.0.1:9990
2019-12-04 15:12:06,401 INFO  [org.jboss.as] (Controller Boot Thread) WFLYSRV0025: WildFly Full 18.0.1.Final (WildFly Core 10.0.3.Final) started in 2099ms - Started 315 of 577 services (369 services are lazy, passive or on-demand)
2019-12-04 15:12:49,791 INFO  [org.jboss.as.repository] (External Management Request Threads -- 1) WFLYDR0001: Content added at location /opt/wildfly-18.0.1.Final/standalone/data/content/5d/70123418f3d8211004161c93a01c642bf1fe0c/content
2019-12-04 15:12:49,802 INFO  [org.jboss.as.server.deployment] (MSC service thread 1-8) WFLYSRV0027: Starting deployment of "LiuXinXLRestFinal.war" (runtime-name: "LiuXinXLRestFinal.war")
2019-12-04 15:12:50,781 WARN  [org.jboss.as.jaxrs] (MSC service thread 1-6) WFLYRS0018: Explicit usage of Jackson annotation in a JAX-RS deployment; the system will disable JSON-B processing for the current deployment. Consider setting the 'resteasy.preferJacksonOverJsonB' property to 'false' to restore JSON-B.
2019-12-04 15:12:50,789 INFO  [org.jboss.as.connector.deployers.jdbc] (MSC service thread 1-6) WFLYJCA0005: Deploying non-JDBC-compliant driver class com.mysql.cj.jdbc.Driver (version 8.0)
2019-12-04 15:12:50,790 WARN  [org.jboss.weld.deployer] (MSC service thread 1-6) WFLYWELD0013: Deployment LiuXinXLRestFinal.war contains CDI annotations but no bean archive was found (no beans.xml or class with bean defining annotations was present).
2019-12-04 15:12:50,828 INFO  [org.jboss.as.connector.deployers.jdbc] (MSC service thread 1-3) WFLYJCA0018: Started Driver service with driver-name = LiuXinXLRestFinal.war_com.mysql.cj.jdbc.Driver_8_0
2019-12-04 15:12:50,844 INFO  [org.infinispan.factories.GlobalComponentRegistry] (MSC service thread 1-1) ISPN000128: Infinispan version: Infinispan 'Infinity Minus ONE +2' 9.4.16.Final
2019-12-04 15:12:51,060 INFO  [org.jboss.as.clustering.infinispan] (ServerService Thread Pool -- 76) WFLYCLINF0002: Started client-mappings cache from ejb container
2019-12-04 15:12:51,361 INFO  [org.jboss.resteasy.resteasy_jaxrs.i18n] (ServerService Thread Pool -- 76) RESTEASY002225: Deploying javax.ws.rs.core.Application: class api.ApplicationConfig
2019-12-04 15:12:51,363 INFO  [org.jboss.resteasy.resteasy_jaxrs.i18n] (ServerService Thread Pool -- 76) RESTEASY002200: Adding class resource api.service.EmployeeServices from Application class api.ApplicationConfig
2019-12-04 15:12:51,363 INFO  [org.jboss.resteasy.resteasy_jaxrs.i18n] (ServerService Thread Pool -- 76) RESTEASY002200: Adding class resource api.service.CompanyServices from Application class api.ApplicationConfig
2019-12-04 15:12:51,363 INFO  [org.jboss.resteasy.resteasy_jaxrs.i18n] (ServerService Thread Pool -- 76) RESTEASY002200: Adding class resource api.service.TimecardServices from Application class api.ApplicationConfig
2019-12-04 15:12:51,363 INFO  [org.jboss.resteasy.resteasy_jaxrs.i18n] (ServerService Thread Pool -- 76) RESTEASY002200: Adding class resource api.service.DepartmentServices from Application class api.ApplicationConfig
2019-12-04 15:12:51,400 INFO  [org.hibernate.validator.internal.util.Version] (ServerService Thread Pool -- 76) HV000001: Hibernate Validator 6.0.18.Final
2019-12-04 15:12:51,444 INFO  [org.wildfly.extension.undertow] (ServerService Thread Pool -- 76) WFLYUT0021: Registered web context: '/LiuXinXLRestFinal' for server 'default-server'
2019-12-04 15:12:51,478 INFO  [org.jboss.as.server] (External Management Request Threads -- 1) WFLYSRV0010: Deployed "LiuXinXLRestFinal.war" (runtime-name : "LiuXinXLRestFinal.war")
2019-12-04 15:15:53,444 INFO  [org.jboss.as.repository] (External Management Request Threads -- 1) WFLYDR0001: Content added at location /opt/wildfly-18.0.1.Final/standalone/data/content/c2/d02eeb2c5f8d0e1dba0da914bd47bd91171144/content
2019-12-04 15:15:53,450 INFO  [org.jboss.as.connector.deployers.jdbc] (MSC service thread 1-5) WFLYJCA0019: Stopped Driver service with driver-name = LiuXinXLRestFinal.war_com.mysql.cj.jdbc.Driver_8_0
2019-12-04 15:15:53,451 INFO  [org.wildfly.extension.undertow] (ServerService Thread Pool -- 76) WFLYUT0022: Unregistered web context: '/LiuXinXLRestFinal' from server 'default-server'
2019-12-04 15:15:53,475 INFO  [org.jboss.as.server.deployment] (MSC service thread 1-5) WFLYSRV0028: Stopped deployment LiuXinXLRestFinal.war (runtime-name: LiuXinXLRestFinal.war) in 28ms
2019-12-04 15:15:53,478 INFO  [org.jboss.as.server.deployment] (MSC service thread 1-7) WFLYSRV0027: Starting deployment of "LiuXinXLRestFinal.war" (runtime-name: "LiuXinXLRestFinal.war")
2019-12-04 15:15:53,984 WARN  [org.jboss.as.jaxrs] (MSC service thread 1-2) WFLYRS0018: Explicit usage of Jackson annotation in a JAX-RS deployment; the system will disable JSON-B processing for the current deployment. Consider setting the 'resteasy.preferJacksonOverJsonB' property to 'false' to restore JSON-B.
2019-12-04 15:15:53,989 INFO  [org.jboss.as.connector.deployers.jdbc] (MSC service thread 1-2) WFLYJCA0005: Deploying non-JDBC-compliant driver class com.mysql.cj.jdbc.Driver (version 8.0)
2019-12-04 15:15:53,990 WARN  [org.jboss.weld.deployer] (MSC service thread 1-2) WFLYWELD0013: Deployment LiuXinXLRestFinal.war contains CDI annotations but no bean archive was found (no beans.xml or class with bean defining annotations was present).
2019-12-04 15:15:54,000 INFO  [org.jboss.as.connector.deployers.jdbc] (MSC service thread 1-7) WFLYJCA0018: Started Driver service with driver-name = LiuXinXLRestFinal.war_com.mysql.cj.jdbc.Driver_8_0
2019-12-04 15:15:54,017 INFO  [org.jboss.resteasy.resteasy_jaxrs.i18n] (ServerService Thread Pool -- 81) RESTEASY002225: Deploying javax.ws.rs.core.Application: class api.ApplicationConfig
2019-12-04 15:15:54,019 INFO  [org.jboss.resteasy.resteasy_jaxrs.i18n] (ServerService Thread Pool -- 81) RESTEASY002200: Adding class resource api.service.EmployeeServices from Application class api.ApplicationConfig
2019-12-04 15:15:54,019 INFO  [org.jboss.resteasy.resteasy_jaxrs.i18n] (ServerService Thread Pool -- 81) RESTEASY002200: Adding class resource api.service.CompanyServices from Application class api.ApplicationConfig
2019-12-04 15:15:54,019 INFO  [org.jboss.resteasy.resteasy_jaxrs.i18n] (ServerService Thread Pool -- 81) RESTEASY002200: Adding class resource api.service.TimecardServices from Application class api.ApplicationConfig
2019-12-04 15:15:54,019 INFO  [org.jboss.resteasy.resteasy_jaxrs.i18n] (ServerService Thread Pool -- 81) RESTEASY002200: Adding class resource api.service.DepartmentServices from Application class api.ApplicationConfig
2019-12-04 15:15:54,036 INFO  [org.wildfly.extension.undertow] (ServerService Thread Pool -- 81) WFLYUT0021: Registered web context: '/LiuXinXLRestFinal' for server 'default-server'
2019-12-04 15:15:54,049 INFO  [org.jboss.as.server] (External Management Request Threads -- 1) WFLYSRV0016: Replaced deployment "LiuXinXLRestFinal.war" with deployment "LiuXinXLRestFinal.war"
2019-12-04 15:15:54,051 INFO  [org.jboss.as.repository] (External Management Request Threads -- 1) WFLYDR0002: Content removed from location /opt/wildfly-18.0.1.Final/standalone/data/content/5d/70123418f3d8211004161c93a01c642bf1fe0c/content
